<?xml version="1.0" encoding="UTF-8"?>
<testsuite xmlns:xsi="http://www.w3.org/2001/XMLSchema-instance" xsi:noNamespaceSchemaLocation="https://maven.apache.org/surefire/maven-surefire-plugin/xsd/surefire-test-report.xsd" name="jp.co.axa.apidemo.ApiDemoApplicationTests" time="3.265" tests="1" errors="1" skipped="0" failures="0">
  <properties>
[...]
</properties>
  <testcase name="contextLoads" classname="jp.co.axa.apidemo.ApiDemoApplicationTests" time="0.001">
    <error message="Failed to load ApplicationContext" type="java.lang.IllegalStateException">java.lang.IllegalStateException: Failed to load ApplicationContext
Caused by: org.springframework.beans.factory.BeanCreationException: Error creating bean with name 'cacheManager' defined in class path resource [jp/co/axa/apidemo/utils/CacheConfig.class]: Bean instantiation via factory method failed; nested exception is org.springframework.beans.BeanInstantiationException: Failed to instantiate [org.springframework.cache.CacheManager]: Factory method 'cacheManager' threw exception; nested exception is javax.cache.CacheException: org.ehcache.xml.exceptions.XmlConfigurationException: Error parsing XML configuration at file:/Users/tciuser1/Documents/work/%E6%9C%AA%E5%91%BD%E5%90%8D%E6%96%87%E4%BB%B6%E5%A4%B9/alj-java-challenge-master/target/classes/ehcache.xml
Caused by: org.springframework.beans.BeanInstantiationException: Failed to instantiate [org.springframework.cache.CacheManager]: Factory method 'cacheManager' threw exception; nested exception is javax.cache.CacheException: org.ehcache.xml.exceptions.XmlConfigurationException: Error parsing XML configuration at file:/Users/tciuser1/Documents/work/%E6%9C%AA%E5%91%BD%E5%90%8D%E6%96%87%E4%BB%B6%E5%A4%B9/alj-java-challenge-master/target/classes/ehcache.xml
Caused by: javax.cache.CacheException: org.ehcache.xml.exceptions.XmlConfigurationException: Error parsing XML configuration at file:/Users/tciuser1/Documents/work/%E6%9C%AA%E5%91%BD%E5%90%8D%E6%96%87%E4%BB%B6%E5%A4%B9/alj-java-challenge-master/target/classes/ehcache.xml
Caused by: org.ehcache.xml.exceptions.XmlConfigurationException: Error parsing XML configuration at file:/Users/tciuser1/Documents/work/%E6%9C%AA%E5%91%BD%E5%90%8D%E6%96%87%E4%BB%B6%E5%A4%B9/alj-java-challenge-master/target/classes/ehcache.xml
Caused by: javax.xml.bind.JAXBException: Implementation of JAXB-API has not been found on module path or classpath.
Caused by: java.lang.ClassNotFoundException: com.sun.xml.internal.bind.v2.ContextFactory
</error>
    <system-out><![CDATA[11:13:41.749 [main] DEBUG org.springframework.test.context.junit4.SpringJUnit4ClassRunner - SpringJUnit4ClassRunner constructor called with [class jp.co.axa.apidemo.ApiDemoApplicationTests]
11:13:41.755 [main] DEBUG org.springframework.test.context.BootstrapUtils - Instantiating CacheAwareContextLoaderDelegate from class [org.springframework.test.context.cache.DefaultCacheAwareContextLoaderDelegate]
11:13:41.762 [main] DEBUG org.springframework.test.context.BootstrapUtils - Instantiating BootstrapContext using constructor [public org.springframework.test.context.support.DefaultBootstrapContext(java.lang.Class,org.springframework.test.context.CacheAwareContextLoaderDelegate)]
11:13:41.779 [main] DEBUG org.springframework.test.context.BootstrapUtils - Instantiating TestContextBootstrapper for test class [jp.co.axa.apidemo.ApiDemoApplicationTests] from class [org.springframework.boot.test.context.SpringBootTestContextBootstrapper]
11:13:41.787 [main] INFO org.springframework.boot.test.context.SpringBootTestContextBootstrapper - Neither @ContextConfiguration nor @ContextHierarchy found for test class [jp.co.axa.apidemo.ApiDemoApplicationTests], using SpringBootContextLoader
11:13:41.790 [main] DEBUG org.springframework.test.context.support.AbstractContextLoader - Did not detect default resource location for test class [jp.co.axa.apidemo.ApiDemoApplicationTests]: class path resource [jp/co/axa/apidemo/ApiDemoApplicationTests-context.xml] does not exist
11:13:41.790 [main] DEBUG org.springframework.test.context.support.AbstractContextLoader - Did not detect default resource location for test class [jp.co.axa.apidemo.ApiDemoApplicationTests]: class path resource [jp/co/axa/apidemo/ApiDemoApplicationTestsContext.groovy] does not exist
11:13:41.791 [main] INFO org.springframework.test.context.support.AbstractContextLoader - Could not detect default resource locations for test class [jp.co.axa.apidemo.ApiDemoApplicationTests]: no resource found for suffixes {-context.xml, Context.groovy}.
11:13:41.791 [main] INFO org.springframework.test.context.support.AnnotationConfigContextLoaderUtils - Could not detect default configuration classes for test class [jp.co.axa.apidemo.ApiDemoApplicationTests]: ApiDemoApplicationTests does not declare any static, non-private, non-final, nested classes annotated with @Configuration.
11:13:41.820 [main] DEBUG org.springframework.test.context.support.ActiveProfilesUtils - Could not find an 'annotation declaring class' for annotation type [org.springframework.test.context.ActiveProfiles] and class [jp.co.axa.apidemo.ApiDemoApplicationTests]
11:13:41.869 [main] DEBUG org.springframework.context.annotation.ClassPathScanningCandidateComponentProvider - Identified candidate component class: file [/Users/tciuser1/Documents/work/未命名文件夹/alj-java-challenge-master/target/classes/jp/co/axa/apidemo/ApiDemoApplication.class]
11:13:41.870 [main] INFO org.springframework.boot.test.context.SpringBootTestContextBootstrapper - Found @SpringBootConfiguration jp.co.axa.apidemo.ApiDemoApplication for test class jp.co.axa.apidemo.ApiDemoApplicationTests
11:13:41.936 [main] DEBUG org.springframework.boot.test.context.SpringBootTestContextBootstrapper - @TestExecutionListeners is not present for class [jp.co.axa.apidemo.ApiDemoApplicationTests]: using defaults.
11:13:41.937 [main] INFO org.springframework.boot.test.context.SpringBootTestContextBootstrapper - Loaded default TestExecutionListener class names from location [META-INF/spring.factories]: [org.springframework.boot.test.mock.mockito.MockitoTestExecutionListener, org.springframework.boot.test.mock.mockito.ResetMocksTestExecutionListener, org.springframework.boot.test.autoconfigure.restdocs.RestDocsTestExecutionListener, org.springframework.boot.test.autoconfigure.web.client.MockRestServiceServerResetTestExecutionListener, org.springframework.boot.test.autoconfigure.web.servlet.MockMvcPrintOnlyOnFailureTestExecutionListener, org.springframework.boot.test.autoconfigure.web.servlet.WebDriverTestExecutionListener, org.springframework.test.context.web.ServletTestExecutionListener, org.springframework.test.context.support.DirtiesContextBeforeModesTestExecutionListener, org.springframework.test.context.support.DependencyInjectionTestExecutionListener, org.springframework.test.context.support.DirtiesContextTestExecutionListener, org.springframework.test.context.transaction.TransactionalTestExecutionListener, org.springframework.test.context.jdbc.SqlScriptsTestExecutionListener]
11:13:41.948 [main] INFO org.springframework.boot.test.context.SpringBootTestContextBootstrapper - Using TestExecutionListeners: [org.springframework.test.context.web.ServletTestExecutionListener@82de64a, org.springframework.test.context.support.DirtiesContextBeforeModesTestExecutionListener@659499f1, org.springframework.boot.test.mock.mockito.MockitoTestExecutionListener@51e69659, org.springframework.boot.test.autoconfigure.SpringBootDependencyInjectionTestExecutionListener@47e2e487, org.springframework.test.context.support.DirtiesContextTestExecutionListener@201a4587, org.springframework.test.context.transaction.TransactionalTestExecutionListener@61001b64, org.springframework.test.context.jdbc.SqlScriptsTestExecutionListener@4310d43, org.springframework.boot.test.mock.mockito.ResetMocksTestExecutionListener@54a7079e, org.springframework.boot.test.autoconfigure.restdocs.RestDocsTestExecutionListener@26e356f0, org.springframework.boot.test.autoconfigure.web.client.MockRestServiceServerResetTestExecutionListener@47d9a273, org.springframework.boot.test.autoconfigure.web.servlet.MockMvcPrintOnlyOnFailureTestExecutionListener@4b8ee4de, org.springframework.boot.test.autoconfigure.web.servlet.WebDriverTestExecutionListener@27f981c6]
11:13:41.949 [main] DEBUG org.springframework.test.annotation.ProfileValueUtils - Retrieved @ProfileValueSourceConfiguration [null] for test class [jp.co.axa.apidemo.ApiDemoApplicationTests]
11:13:41.950 [main] DEBUG org.springframework.test.annotation.ProfileValueUtils - Retrieved ProfileValueSource type [class org.springframework.test.annotation.SystemProfileValueSource] for class [jp.co.axa.apidemo.ApiDemoApplicationTests]
11:13:41.951 [main] DEBUG org.springframework.test.annotation.ProfileValueUtils - Retrieved @ProfileValueSourceConfiguration [null] for test class [jp.co.axa.apidemo.ApiDemoApplicationTests]
11:13:41.951 [main] DEBUG org.springframework.test.annotation.ProfileValueUtils - Retrieved ProfileValueSource type [class org.springframework.test.annotation.SystemProfileValueSource] for class [jp.co.axa.apidemo.ApiDemoApplicationTests]
11:13:41.951 [main] DEBUG org.springframework.test.annotation.ProfileValueUtils - Retrieved @ProfileValueSourceConfiguration [null] for test class [jp.co.axa.apidemo.ApiDemoApplicationTests]
11:13:41.952 [main] DEBUG org.springframework.test.annotation.ProfileValueUtils - Retrieved ProfileValueSource type [class org.springframework.test.annotation.SystemProfileValueSource] for class [jp.co.axa.apidemo.ApiDemoApplicationTests]
11:13:41.954 [main] DEBUG org.springframework.test.context.support.AbstractDirtiesContextTestExecutionListener - Before test class: context [DefaultTestContext@3012646b testClass = ApiDemoApplicationTests, testInstance = [null], testMethod = [null], testException = [null], mergedContextConfiguration = [WebMergedContextConfiguration@4a883b15 testClass = ApiDemoApplicationTests, locations = '{}', classes = '{class jp.co.axa.apidemo.ApiDemoApplication}', contextInitializerClasses = '[]', activeProfiles = '{}', propertySourceLocations = '{}', propertySourceProperties = '{org.springframework.boot.test.context.SpringBootTestContextBootstrapper=true}', contextCustomizers = set[org.springframework.boot.test.context.filter.ExcludeFilterContextCustomizer@43ee72e6, org.springframework.boot.test.json.DuplicateJsonObjectContextCustomizerFactory$DuplicateJsonObjectContextCustomizer@2805c96b, org.springframework.boot.test.mock.mockito.MockitoContextCustomizer@0, org.springframework.boot.test.web.client.TestRestTemplateContextCustomizer@2928854b, org.springframework.boot.test.autoconfigure.properties.PropertyMappingContextCustomizer@0, org.springframework.boot.test.autoconfigure.web.servlet.WebDriverContextCustomizerFactory$Customizer@56de5251], resourceBasePath = 'src/main/webapp', contextLoader = 'org.springframework.boot.test.context.SpringBootContextLoader', parent = [null]], attributes = map['org.springframework.test.context.web.ServletTestExecutionListener.activateListener' -> true]], class annotated with @DirtiesContext [false] with mode [null].
11:13:41.955 [main] DEBUG org.springframework.test.annotation.ProfileValueUtils - Retrieved @ProfileValueSourceConfiguration [null] for test class [jp.co.axa.apidemo.ApiDemoApplicationTests]
11:13:41.955 [main] DEBUG org.springframework.test.annotation.ProfileValueUtils - Retrieved ProfileValueSource type [class org.springframework.test.annotation.SystemProfileValueSource] for class [jp.co.axa.apidemo.ApiDemoApplicationTests]
11:13:41.970 [main] DEBUG org.springframework.test.context.support.TestPropertySourceUtils - Adding inlined properties to environment: {spring.jmx.enabled=false, org.springframework.boot.test.context.SpringBootTestContextBootstrapper=true, server.port=-1}

  .   ____          _            __ _ _
 /\\ / ___'_ __ _ _(_)_ __  __ _ \ \ \ \
( ( )\___ | '_ | '_| | '_ \/ _` | \ \ \ \
 \\/  ___)| |_)| | | | | || (_| |  ) ) ) )
  '  |____| .__|_| |_|_| |_\__, | / / / /
 =========|_|==============|___/=/_/_/_/
 :: Spring Boot ::        (v2.1.4.RELEASE)

2024-05-28 11:13:42.140  INFO 76280 --- [           main] j.c.axa.apidemo.ApiDemoApplicationTests  : Starting ApiDemoApplicationTests on J190330.local with PID 76280 (started by tciuser1 in /Users/tciuser1/Documents/work/未命名文件夹/alj-java-challenge-master)
2024-05-28 11:13:42.141  INFO 76280 --- [           main] j.c.axa.apidemo.ApiDemoApplicationTests  : No active profile set, falling back to default profiles: default
2024-05-28 11:13:42.806  INFO 76280 --- [           main] .s.d.r.c.RepositoryConfigurationDelegate : Bootstrapping Spring Data repositories in DEFAULT mode.
2024-05-28 11:13:42.853  INFO 76280 --- [           main] .s.d.r.c.RepositoryConfigurationDelegate : Finished Spring Data repository scanning in 42ms. Found 1 repository interfaces.
2024-05-28 11:13:43.142  INFO 76280 --- [           main] trationDelegate$BeanPostProcessorChecker : Bean 'org.springframework.transaction.annotation.ProxyTransactionManagementConfiguration' of type [org.springframework.transaction.annotation.ProxyTransactionManagementConfiguration$$EnhancerBySpringCGLIB$$8034336d] is not eligible for getting processed by all BeanPostProcessors (for example: not eligible for auto-proxying)
2024-05-28 11:13:43.342  INFO 76280 --- [           main] com.zaxxer.hikari.HikariDataSource       : HikariPool-1 - Starting...
2024-05-28 11:13:43.462  INFO 76280 --- [           main] com.zaxxer.hikari.HikariDataSource       : HikariPool-1 - Start completed.
2024-05-28 11:13:43.533  INFO 76280 --- [           main] o.hibernate.jpa.internal.util.LogHelper  : HHH000204: Processing PersistenceUnitInfo [
	name: default
	...]
2024-05-28 11:13:43.575  INFO 76280 --- [           main] org.hibernate.Version                    : HHH000412: Hibernate Core {5.3.9.Final}
2024-05-28 11:13:43.576  INFO 76280 --- [           main] org.hibernate.cfg.Environment            : HHH000206: hibernate.properties not found
2024-05-28 11:13:43.661  INFO 76280 --- [           main] o.hibernate.annotations.common.Version   : HCANN000001: Hibernate Commons Annotations {5.0.4.Final}
2024-05-28 11:13:43.746  INFO 76280 --- [           main] org.hibernate.dialect.Dialect            : HHH000400: Using dialect: org.hibernate.dialect.H2Dialect
2024-05-28 11:13:44.225  INFO 76280 --- [           main] o.h.t.schema.internal.SchemaCreatorImpl  : HHH000476: Executing import script 'org.hibernate.tool.schema.internal.exec.ScriptSourceInputNonExistentImpl@75d7297d'
2024-05-28 11:13:44.228  INFO 76280 --- [           main] j.LocalContainerEntityManagerFactoryBean : Initialized JPA EntityManagerFactory for persistence unit 'default'
2024-05-28 11:13:44.676  WARN 76280 --- [           main] aWebConfiguration$JpaWebMvcConfiguration : spring.jpa.open-in-view is enabled by default. Therefore, database queries may be performed during view rendering. Explicitly configure spring.jpa.open-in-view to disable this warning
2024-05-28 11:13:44.807  WARN 76280 --- [           main] o.s.w.c.s.GenericWebApplicationContext   : Exception encountered during context initialization - cancelling refresh attempt: org.springframework.beans.factory.BeanCreationException: Error creating bean with name 'cacheManager' defined in class path resource [jp/co/axa/apidemo/utils/CacheConfig.class]: Bean instantiation via factory method failed; nested exception is org.springframework.beans.BeanInstantiationException: Failed to instantiate [org.springframework.cache.CacheManager]: Factory method 'cacheManager' threw exception; nested exception is javax.cache.CacheException: org.ehcache.xml.exceptions.XmlConfigurationException: Error parsing XML configuration at file:/Users/tciuser1/Documents/work/%E6%9C%AA%E5%91%BD%E5%90%8D%E6%96%87%E4%BB%B6%E5%A4%B9/alj-java-challenge-master/target/classes/ehcache.xml
2024-05-28 11:13:44.808  INFO 76280 --- [           main] j.LocalContainerEntityManagerFactoryBean : Closing JPA EntityManagerFactory for persistence unit 'default'
2024-05-28 11:13:44.808  INFO 76280 --- [           main] .SchemaDropperImpl$DelayedDropActionImpl : HHH000477: Starting delayed evictData of schema as part of SessionFactory shut-down'
2024-05-28 11:13:44.812  INFO 76280 --- [           main] com.zaxxer.hikari.HikariDataSource       : HikariPool-1 - Shutdown initiated...
2024-05-28 11:13:44.814  INFO 76280 --- [           main] com.zaxxer.hikari.HikariDataSource       : HikariPool-1 - Shutdown completed.
2024-05-28 11:13:44.819  INFO 76280 --- [           main] ConditionEvaluationReportLoggingListener : 

Error starting ApplicationContext. To display the conditions report re-run your application with 'debug' enabled.
2024-05-28 11:13:44.823 ERROR 76280 --- [           main] o.s.boot.SpringApplication               : Application run failed

org.springframework.beans.factory.BeanCreationException: Error creating bean with name 'cacheManager' defined in class path resource [jp/co/axa/apidemo/utils/CacheConfig.class]: Bean instantiation via factory method failed; nested exception is org.springframework.beans.BeanInstantiationException: Failed to instantiate [org.springframework.cache.CacheManager]: Factory method 'cacheManager' threw exception; nested exception is javax.cache.CacheException: org.ehcache.xml.exceptions.XmlConfigurationException: Error parsing XML configuration at file:/Users/tciuser1/Documents/work/%E6%9C%AA%E5%91%BD%E5%90%8D%E6%96%87%E4%BB%B6%E5%A4%B9/alj-java-challenge-master/target/classes/ehcache.xml
	at org.springframework.beans.factory.support.ConstructorResolver.instantiate(ConstructorResolver.java:627) ~[spring-beans-5.1.6.RELEASE.jar:5.1.6.RELEASE]
	at org.springframework.beans.factory.support.ConstructorResolver.instantiateUsingFactoryMethod(ConstructorResolver.java:456) ~[spring-beans-5.1.6.RELEASE.jar:5.1.6.RELEASE]
	at org.springframework.beans.factory.support.AbstractAutowireCapableBeanFactory.instantiateUsingFactoryMethod(AbstractAutowireCapableBeanFactory.java:1321) ~[spring-beans-5.1.6.RELEASE.jar:5.1.6.RELEASE]
	at org.springframework.beans.factory.support.AbstractAutowireCapableBeanFactory.createBeanInstance(AbstractAutowireCapableBeanFactory.java:1160) ~[spring-beans-5.1.6.RELEASE.jar:5.1.6.RELEASE]
	at org.springframework.beans.factory.support.AbstractAutowireCapableBeanFactory.doCreateBean(AbstractAutowireCapableBeanFactory.java:555) ~[spring-beans-5.1.6.RELEASE.jar:5.1.6.RELEASE]
	at org.springframework.beans.factory.support.AbstractAutowireCapableBeanFactory.createBean(AbstractAutowireCapableBeanFactory.java:515) ~[spring-beans-5.1.6.RELEASE.jar:5.1.6.RELEASE]
	at org.springframework.beans.factory.support.AbstractBeanFactory.lambda$doGetBean$0(AbstractBeanFactory.java:320) ~[spring-beans-5.1.6.RELEASE.jar:5.1.6.RELEASE]
	at org.springframework.beans.factory.support.DefaultSingletonBeanRegistry.getSingleton(DefaultSingletonBeanRegistry.java:222) ~[spring-beans-5.1.6.RELEASE.jar:5.1.6.RELEASE]
	at org.springframework.beans.factory.support.AbstractBeanFactory.doGetBean(AbstractBeanFactory.java:318) ~[spring-beans-5.1.6.RELEASE.jar:5.1.6.RELEASE]
	at org.springframework.beans.factory.support.AbstractBeanFactory.getBean(AbstractBeanFactory.java:199) ~[spring-beans-5.1.6.RELEASE.jar:5.1.6.RELEASE]
	at org.springframework.beans.factory.support.DefaultListableBeanFactory.preInstantiateSingletons(DefaultListableBeanFactory.java:849) ~[spring-beans-5.1.6.RELEASE.jar:5.1.6.RELEASE]
	at org.springframework.context.support.AbstractApplicationContext.finishBeanFactoryInitialization(AbstractApplicationContext.java:877) ~[spring-context-5.1.6.RELEASE.jar:5.1.6.RELEASE]
	at org.springframework.context.support.AbstractApplicationContext.refresh(AbstractApplicationContext.java:549) ~[spring-context-5.1.6.RELEASE.jar:5.1.6.RELEASE]
	at org.springframework.boot.SpringApplication.refresh(SpringApplication.java:775) ~[spring-boot-2.1.4.RELEASE.jar:2.1.4.RELEASE]
	at org.springframework.boot.SpringApplication.refreshContext(SpringApplication.java:397) ~[spring-boot-2.1.4.RELEASE.jar:2.1.4.RELEASE]
	at org.springframework.boot.SpringApplication.run(SpringApplication.java:316) ~[spring-boot-2.1.4.RELEASE.jar:2.1.4.RELEASE]
	at org.springframework.boot.test.context.SpringBootContextLoader.loadContext(SpringBootContextLoader.java:127) ~[spring-boot-test-2.1.4.RELEASE.jar:2.1.4.RELEASE]
	at org.springframework.test.context.cache.DefaultCacheAwareContextLoaderDelegate.loadContextInternal(DefaultCacheAwareContextLoaderDelegate.java:99) ~[spring-test-5.1.6.RELEASE.jar:5.1.6.RELEASE]
	at org.springframework.test.context.cache.DefaultCacheAwareContextLoaderDelegate.loadContext(DefaultCacheAwareContextLoaderDelegate.java:117) ~[spring-test-5.1.6.RELEASE.jar:5.1.6.RELEASE]
	at org.springframework.test.context.support.DefaultTestContext.getApplicationContext(DefaultTestContext.java:108) ~[spring-test-5.1.6.RELEASE.jar:5.1.6.RELEASE]
	at org.springframework.test.context.web.ServletTestExecutionListener.setUpRequestContextIfNecessary(ServletTestExecutionListener.java:190) ~[spring-test-5.1.6.RELEASE.jar:5.1.6.RELEASE]
	at org.springframework.test.context.web.ServletTestExecutionListener.prepareTestInstance(ServletTestExecutionListener.java:132) ~[spring-test-5.1.6.RELEASE.jar:5.1.6.RELEASE]
	at org.springframework.test.context.TestContextManager.prepareTestInstance(TestContextManager.java:246) ~[spring-test-5.1.6.RELEASE.jar:5.1.6.RELEASE]
	at org.springframework.test.context.junit4.SpringJUnit4ClassRunner.createTest(SpringJUnit4ClassRunner.java:227) ~[spring-test-5.1.6.RELEASE.jar:5.1.6.RELEASE]
	at org.springframework.test.context.junit4.SpringJUnit4ClassRunner$1.runReflectiveCall(SpringJUnit4ClassRunner.java:289) ~[spring-test-5.1.6.RELEASE.jar:5.1.6.RELEASE]
	at org.junit.internal.runners.model.ReflectiveCallable.run(ReflectiveCallable.java:12) ~[junit-4.12.jar:4.12]
	at org.springframework.test.context.junit4.SpringJUnit4ClassRunner.methodBlock(SpringJUnit4ClassRunner.java:291) ~[spring-test-5.1.6.RELEASE.jar:5.1.6.RELEASE]
	at org.springframework.test.context.junit4.SpringJUnit4ClassRunner.runChild(SpringJUnit4ClassRunner.java:246) ~[spring-test-5.1.6.RELEASE.jar:5.1.6.RELEASE]
	at org.springframework.test.context.junit4.SpringJUnit4ClassRunner.runChild(SpringJUnit4ClassRunner.java:97) ~[spring-test-5.1.6.RELEASE.jar:5.1.6.RELEASE]
	at org.junit.runners.ParentRunner$3.run(ParentRunner.java:290) ~[junit-4.12.jar:4.12]
	at org.junit.runners.ParentRunner$1.schedule(ParentRunner.java:71) ~[junit-4.12.jar:4.12]
	at org.junit.runners.ParentRunner.runChildren(ParentRunner.java:288) ~[junit-4.12.jar:4.12]
	at org.junit.runners.ParentRunner.access$000(ParentRunner.java:58) ~[junit-4.12.jar:4.12]
	at org.junit.runners.ParentRunner$2.evaluate(ParentRunner.java:268) ~[junit-4.12.jar:4.12]
	at org.springframework.test.context.junit4.statements.RunBeforeTestClassCallbacks.evaluate(RunBeforeTestClassCallbacks.java:61) ~[spring-test-5.1.6.RELEASE.jar:5.1.6.RELEASE]
	at org.springframework.test.context.junit4.statements.RunAfterTestClassCallbacks.evaluate(RunAfterTestClassCallbacks.java:70) ~[spring-test-5.1.6.RELEASE.jar:5.1.6.RELEASE]
	at org.junit.runners.ParentRunner.run(ParentRunner.java:363) ~[junit-4.12.jar:4.12]
	at org.springframework.test.context.junit4.SpringJUnit4ClassRunner.run(SpringJUnit4ClassRunner.java:190) ~[spring-test-5.1.6.RELEASE.jar:5.1.6.RELEASE]
	at org.apache.maven.surefire.junit4.JUnit4Provider.execute(JUnit4Provider.java:365) ~[surefire-junit4-2.22.1.jar:2.22.1]
	at org.apache.maven.surefire.junit4.JUnit4Provider.executeWithRerun(JUnit4Provider.java:273) ~[surefire-junit4-2.22.1.jar:2.22.1]
	at org.apache.maven.surefire.junit4.JUnit4Provider.executeTestSet(JUnit4Provider.java:238) ~[surefire-junit4-2.22.1.jar:2.22.1]
	at org.apache.maven.surefire.junit4.JUnit4Provider.invoke(JUnit4Provider.java:159) ~[surefire-junit4-2.22.1.jar:2.22.1]
	at org.apache.maven.surefire.booter.ForkedBooter.invokeProviderInSameClassLoader(ForkedBooter.java:384) ~[surefire-booter-2.22.1.jar:2.22.1]
	at org.apache.maven.surefire.booter.ForkedBooter.runSuitesInProcess(ForkedBooter.java:345) ~[surefire-booter-2.22.1.jar:2.22.1]
	at org.apache.maven.surefire.booter.ForkedBooter.execute(ForkedBooter.java:126) ~[surefire-booter-2.22.1.jar:2.22.1]
	at org.apache.maven.surefire.booter.ForkedBooter.main(ForkedBooter.java:418) ~[surefire-booter-2.22.1.jar:2.22.1]
Caused by: org.springframework.beans.BeanInstantiationException: Failed to instantiate [org.springframework.cache.CacheManager]: Factory method 'cacheManager' threw exception; nested exception is javax.cache.CacheException: org.ehcache.xml.exceptions.XmlConfigurationException: Error parsing XML configuration at file:/Users/tciuser1/Documents/work/%E6%9C%AA%E5%91%BD%E5%90%8D%E6%96%87%E4%BB%B6%E5%A4%B9/alj-java-challenge-master/target/classes/ehcache.xml
	at org.springframework.beans.factory.support.SimpleInstantiationStrategy.instantiate(SimpleInstantiationStrategy.java:185) ~[spring-beans-5.1.6.RELEASE.jar:5.1.6.RELEASE]
	at org.springframework.beans.factory.support.ConstructorResolver.instantiate(ConstructorResolver.java:622) ~[spring-beans-5.1.6.RELEASE.jar:5.1.6.RELEASE]
	... 45 common frames omitted
Caused by: javax.cache.CacheException: org.ehcache.xml.exceptions.XmlConfigurationException: Error parsing XML configuration at file:/Users/tciuser1/Documents/work/%E6%9C%AA%E5%91%BD%E5%90%8D%E6%96%87%E4%BB%B6%E5%A4%B9/alj-java-challenge-master/target/classes/ehcache.xml
	at org.ehcache.jsr107.EhcacheCachingProvider$ConfigSupplier.getConfiguration(EhcacheCachingProvider.java:327) ~[ehcache-3.6.3.jar:3.6.3 03c2e612075c4e06bc994817543ab7512486b689]
	at org.ehcache.jsr107.EhcacheCachingProvider.getCacheManager(EhcacheCachingProvider.java:131) ~[ehcache-3.6.3.jar:3.6.3 03c2e612075c4e06bc994817543ab7512486b689]
	at org.ehcache.jsr107.EhcacheCachingProvider.getCacheManager(EhcacheCachingProvider.java:82) ~[ehcache-3.6.3.jar:3.6.3 03c2e612075c4e06bc994817543ab7512486b689]
	at org.ehcache.jsr107.EhcacheCachingProvider.getCacheManager(EhcacheCachingProvider.java:190) ~[ehcache-3.6.3.jar:3.6.3 03c2e612075c4e06bc994817543ab7512486b689]
	at jp.co.axa.apidemo.utils.CacheConfig.cacheManager(CacheConfig.java:21) ~[classes/:na]
	at jp.co.axa.apidemo.utils.CacheConfig$$EnhancerBySpringCGLIB$$48c3046a.CGLIB$cacheManager$0(<generated>) ~[classes/:na]
	at jp.co.axa.apidemo.utils.CacheConfig$$EnhancerBySpringCGLIB$$48c3046a$$FastClassBySpringCGLIB$$f86dc044.invoke(<generated>) ~[classes/:na]
	at org.springframework.cglib.proxy.MethodProxy.invokeSuper(MethodProxy.java:244) ~[spring-core-5.1.6.RELEASE.jar:5.1.6.RELEASE]
	at org.springframework.context.annotation.ConfigurationClassEnhancer$BeanMethodInterceptor.intercept(ConfigurationClassEnhancer.java:363) ~[spring-context-5.1.6.RELEASE.jar:5.1.6.RELEASE]
	at jp.co.axa.apidemo.utils.CacheConfig$$EnhancerBySpringCGLIB$$48c3046a.cacheManager(<generated>) ~[classes/:na]
	at java.base/jdk.internal.reflect.NativeMethodAccessorImpl.invoke0(Native Method) ~[na:na]
	at java.base/jdk.internal.reflect.NativeMethodAccessorImpl.invoke(NativeMethodAccessorImpl.java:62) ~[na:na]
	at java.base/jdk.internal.reflect.DelegatingMethodAccessorImpl.invoke(DelegatingMethodAccessorImpl.java:43) ~[na:na]
	at java.base/java.lang.reflect.Method.invoke(Method.java:564) ~[na:na]
	at org.springframework.beans.factory.support.SimpleInstantiationStrategy.instantiate(SimpleInstantiationStrategy.java:154) ~[spring-beans-5.1.6.RELEASE.jar:5.1.6.RELEASE]
	... 46 common frames omitted
Caused by: org.ehcache.xml.exceptions.XmlConfigurationException: Error parsing XML configuration at file:/Users/tciuser1/Documents/work/%E6%9C%AA%E5%91%BD%E5%90%8D%E6%96%87%E4%BB%B6%E5%A4%B9/alj-java-challenge-master/target/classes/ehcache.xml
	at org.ehcache.xml.XmlConfiguration.<init>(XmlConfiguration.java:128) ~[ehcache-3.6.3.jar:3.6.3 03c2e612075c4e06bc994817543ab7512486b689]
	at org.ehcache.xml.XmlConfiguration.<init>(XmlConfiguration.java:87) ~[ehcache-3.6.3.jar:3.6.3 03c2e612075c4e06bc994817543ab7512486b689]
	at org.ehcache.jsr107.EhcacheCachingProvider$ConfigSupplier.getConfiguration(EhcacheCachingProvider.java:324) ~[ehcache-3.6.3.jar:3.6.3 03c2e612075c4e06bc994817543ab7512486b689]
	... 60 common frames omitted
Caused by: javax.xml.bind.JAXBException: Implementation of JAXB-API has not been found on module path or classpath.
	at javax.xml.bind.ContextFinder.newInstance(ContextFinder.java:177) ~[jaxb-api-2.3.1.jar:2.3.0]
	at javax.xml.bind.ContextFinder.find(ContextFinder.java:364) ~[jaxb-api-2.3.1.jar:2.3.0]
	at javax.xml.bind.JAXBContext.newInstance(JAXBContext.java:508) ~[jaxb-api-2.3.1.jar:2.3.0]
	at javax.xml.bind.JAXBContext.newInstance(JAXBContext.java:465) ~[jaxb-api-2.3.1.jar:2.3.0]
	at org.ehcache.xml.ConfigurationParser.<init>(ConfigurationParser.java:100) ~[ehcache-3.6.3.jar:3.6.3 03c2e612075c4e06bc994817543ab7512486b689]
	at org.ehcache.xml.XmlConfiguration.<init>(XmlConfiguration.java:118) ~[ehcache-3.6.3.jar:3.6.3 03c2e612075c4e06bc994817543ab7512486b689]
	... 62 common frames omitted
Caused by: java.lang.ClassNotFoundException: com.sun.xml.internal.bind.v2.ContextFactory
	at java.base/jdk.internal.loader.BuiltinClassLoader.loadClass(BuiltinClassLoader.java:602) ~[na:na]
	at java.base/jdk.internal.loader.ClassLoaders$AppClassLoader.loadClass(ClassLoaders.java:178) ~[na:na]
	at java.base/java.lang.ClassLoader.loadClass(ClassLoader.java:522) ~[na:na]
	at javax.xml.bind.ServiceLoaderUtil.nullSafeLoadClass(ServiceLoaderUtil.java:122) ~[jaxb-api-2.3.1.jar:2.3.0]
	at javax.xml.bind.ServiceLoaderUtil.safeLoadClass(ServiceLoaderUtil.java:155) ~[jaxb-api-2.3.1.jar:2.3.0]
	at javax.xml.bind.ContextFinder.newInstance(ContextFinder.java:174) ~[jaxb-api-2.3.1.jar:2.3.0]
	... 67 common frames omitted

2024-05-28 11:13:44.825 ERROR 76280 --- [           main] o.s.test.context.TestContextManager      : Caught exception while allowing TestExecutionListener [org.springframework.test.context.web.ServletTestExecutionListener@82de64a] to prepare test instance [jp.co.axa.apidemo.ApiDemoApplicationTests@2f498f21]

java.lang.IllegalStateException: Failed to load ApplicationContext
	at org.springframework.test.context.cache.DefaultCacheAwareContextLoaderDelegate.loadContext(DefaultCacheAwareContextLoaderDelegate.java:125) ~[spring-test-5.1.6.RELEASE.jar:5.1.6.RELEASE]
	at org.springframework.test.context.support.DefaultTestContext.getApplicationContext(DefaultTestContext.java:108) ~[spring-test-5.1.6.RELEASE.jar:5.1.6.RELEASE]
	at org.springframework.test.context.web.ServletTestExecutionListener.setUpRequestContextIfNecessary(ServletTestExecutionListener.java:190) ~[spring-test-5.1.6.RELEASE.jar:5.1.6.RELEASE]
	at org.springframework.test.context.web.ServletTestExecutionListener.prepareTestInstance(ServletTestExecutionListener.java:132) ~[spring-test-5.1.6.RELEASE.jar:5.1.6.RELEASE]
	at org.springframework.test.context.TestContextManager.prepareTestInstance(TestContextManager.java:246) ~[spring-test-5.1.6.RELEASE.jar:5.1.6.RELEASE]
	at org.springframework.test.context.junit4.SpringJUnit4ClassRunner.createTest(SpringJUnit4ClassRunner.java:227) ~[spring-test-5.1.6.RELEASE.jar:5.1.6.RELEASE]
	at org.springframework.test.context.junit4.SpringJUnit4ClassRunner$1.runReflectiveCall(SpringJUnit4ClassRunner.java:289) ~[spring-test-5.1.6.RELEASE.jar:5.1.6.RELEASE]
	at org.junit.internal.runners.model.ReflectiveCallable.run(ReflectiveCallable.java:12) ~[junit-4.12.jar:4.12]
	at org.springframework.test.context.junit4.SpringJUnit4ClassRunner.methodBlock(SpringJUnit4ClassRunner.java:291) ~[spring-test-5.1.6.RELEASE.jar:5.1.6.RELEASE]
	at org.springframework.test.context.junit4.SpringJUnit4ClassRunner.runChild(SpringJUnit4ClassRunner.java:246) ~[spring-test-5.1.6.RELEASE.jar:5.1.6.RELEASE]
	at org.springframework.test.context.junit4.SpringJUnit4ClassRunner.runChild(SpringJUnit4ClassRunner.java:97) ~[spring-test-5.1.6.RELEASE.jar:5.1.6.RELEASE]
	at org.junit.runners.ParentRunner$3.run(ParentRunner.java:290) ~[junit-4.12.jar:4.12]
	at org.junit.runners.ParentRunner$1.schedule(ParentRunner.java:71) ~[junit-4.12.jar:4.12]
	at org.junit.runners.ParentRunner.runChildren(ParentRunner.java:288) ~[junit-4.12.jar:4.12]
	at org.junit.runners.ParentRunner.access$000(ParentRunner.java:58) ~[junit-4.12.jar:4.12]
	at org.junit.runners.ParentRunner$2.evaluate(ParentRunner.java:268) ~[junit-4.12.jar:4.12]
	at org.springframework.test.context.junit4.statements.RunBeforeTestClassCallbacks.evaluate(RunBeforeTestClassCallbacks.java:61) ~[spring-test-5.1.6.RELEASE.jar:5.1.6.RELEASE]
	at org.springframework.test.context.junit4.statements.RunAfterTestClassCallbacks.evaluate(RunAfterTestClassCallbacks.java:70) ~[spring-test-5.1.6.RELEASE.jar:5.1.6.RELEASE]
	at org.junit.runners.ParentRunner.run(ParentRunner.java:363) ~[junit-4.12.jar:4.12]
	at org.springframework.test.context.junit4.SpringJUnit4ClassRunner.run(SpringJUnit4ClassRunner.java:190) ~[spring-test-5.1.6.RELEASE.jar:5.1.6.RELEASE]
	at org.apache.maven.surefire.junit4.JUnit4Provider.execute(JUnit4Provider.java:365) ~[surefire-junit4-2.22.1.jar:2.22.1]
	at org.apache.maven.surefire.junit4.JUnit4Provider.executeWithRerun(JUnit4Provider.java:273) ~[surefire-junit4-2.22.1.jar:2.22.1]
	at org.apache.maven.surefire.junit4.JUnit4Provider.executeTestSet(JUnit4Provider.java:238) ~[surefire-junit4-2.22.1.jar:2.22.1]
	at org.apache.maven.surefire.junit4.JUnit4Provider.invoke(JUnit4Provider.java:159) ~[surefire-junit4-2.22.1.jar:2.22.1]
	at org.apache.maven.surefire.booter.ForkedBooter.invokeProviderInSameClassLoader(ForkedBooter.java:384) ~[surefire-booter-2.22.1.jar:2.22.1]
	at org.apache.maven.surefire.booter.ForkedBooter.runSuitesInProcess(ForkedBooter.java:345) ~[surefire-booter-2.22.1.jar:2.22.1]
	at org.apache.maven.surefire.booter.ForkedBooter.execute(ForkedBooter.java:126) ~[surefire-booter-2.22.1.jar:2.22.1]
	at org.apache.maven.surefire.booter.ForkedBooter.main(ForkedBooter.java:418) ~[surefire-booter-2.22.1.jar:2.22.1]
Caused by: org.springframework.beans.factory.BeanCreationException: Error creating bean with name 'cacheManager' defined in class path resource [jp/co/axa/apidemo/utils/CacheConfig.class]: Bean instantiation via factory method failed; nested exception is org.springframework.beans.BeanInstantiationException: Failed to instantiate [org.springframework.cache.CacheManager]: Factory method 'cacheManager' threw exception; nested exception is javax.cache.CacheException: org.ehcache.xml.exceptions.XmlConfigurationException: Error parsing XML configuration at file:/Users/tciuser1/Documents/work/%E6%9C%AA%E5%91%BD%E5%90%8D%E6%96%87%E4%BB%B6%E5%A4%B9/alj-java-challenge-master/target/classes/ehcache.xml
	at org.springframework.beans.factory.support.ConstructorResolver.instantiate(ConstructorResolver.java:627) ~[spring-beans-5.1.6.RELEASE.jar:5.1.6.RELEASE]
	at org.springframework.beans.factory.support.ConstructorResolver.instantiateUsingFactoryMethod(ConstructorResolver.java:456) ~[spring-beans-5.1.6.RELEASE.jar:5.1.6.RELEASE]
	at org.springframework.beans.factory.support.AbstractAutowireCapableBeanFactory.instantiateUsingFactoryMethod(AbstractAutowireCapableBeanFactory.java:1321) ~[spring-beans-5.1.6.RELEASE.jar:5.1.6.RELEASE]
	at org.springframework.beans.factory.support.AbstractAutowireCapableBeanFactory.createBeanInstance(AbstractAutowireCapableBeanFactory.java:1160) ~[spring-beans-5.1.6.RELEASE.jar:5.1.6.RELEASE]
	at org.springframework.beans.factory.support.AbstractAutowireCapableBeanFactory.doCreateBean(AbstractAutowireCapableBeanFactory.java:555) ~[spring-beans-5.1.6.RELEASE.jar:5.1.6.RELEASE]
	at org.springframework.beans.factory.support.AbstractAutowireCapableBeanFactory.createBean(AbstractAutowireCapableBeanFactory.java:515) ~[spring-beans-5.1.6.RELEASE.jar:5.1.6.RELEASE]
	at org.springframework.beans.factory.support.AbstractBeanFactory.lambda$doGetBean$0(AbstractBeanFactory.java:320) ~[spring-beans-5.1.6.RELEASE.jar:5.1.6.RELEASE]
	at org.springframework.beans.factory.support.DefaultSingletonBeanRegistry.getSingleton(DefaultSingletonBeanRegistry.java:222) ~[spring-beans-5.1.6.RELEASE.jar:5.1.6.RELEASE]
	at org.springframework.beans.factory.support.AbstractBeanFactory.doGetBean(AbstractBeanFactory.java:318) ~[spring-beans-5.1.6.RELEASE.jar:5.1.6.RELEASE]
	at org.springframework.beans.factory.support.AbstractBeanFactory.getBean(AbstractBeanFactory.java:199) ~[spring-beans-5.1.6.RELEASE.jar:5.1.6.RELEASE]
	at org.springframework.beans.factory.support.DefaultListableBeanFactory.preInstantiateSingletons(DefaultListableBeanFactory.java:849) ~[spring-beans-5.1.6.RELEASE.jar:5.1.6.RELEASE]
	at org.springframework.context.support.AbstractApplicationContext.finishBeanFactoryInitialization(AbstractApplicationContext.java:877) ~[spring-context-5.1.6.RELEASE.jar:5.1.6.RELEASE]
	at org.springframework.context.support.AbstractApplicationContext.refresh(AbstractApplicationContext.java:549) ~[spring-context-5.1.6.RELEASE.jar:5.1.6.RELEASE]
	at org.springframework.boot.SpringApplication.refresh(SpringApplication.java:775) ~[spring-boot-2.1.4.RELEASE.jar:2.1.4.RELEASE]
	at org.springframework.boot.SpringApplication.refreshContext(SpringApplication.java:397) ~[spring-boot-2.1.4.RELEASE.jar:2.1.4.RELEASE]
	at org.springframework.boot.SpringApplication.run(SpringApplication.java:316) ~[spring-boot-2.1.4.RELEASE.jar:2.1.4.RELEASE]
	at org.springframework.boot.test.context.SpringBootContextLoader.loadContext(SpringBootContextLoader.java:127) ~[spring-boot-test-2.1.4.RELEASE.jar:2.1.4.RELEASE]
	at org.springframework.test.context.cache.DefaultCacheAwareContextLoaderDelegate.loadContextInternal(DefaultCacheAwareContextLoaderDelegate.java:99) ~[spring-test-5.1.6.RELEASE.jar:5.1.6.RELEASE]
	at org.springframework.test.context.cache.DefaultCacheAwareContextLoaderDelegate.loadContext(DefaultCacheAwareContextLoaderDelegate.java:117) ~[spring-test-5.1.6.RELEASE.jar:5.1.6.RELEASE]
	... 27 common frames omitted
Caused by: org.springframework.beans.BeanInstantiationException: Failed to instantiate [org.springframework.cache.CacheManager]: Factory method 'cacheManager' threw exception; nested exception is javax.cache.CacheException: org.ehcache.xml.exceptions.XmlConfigurationException: Error parsing XML configuration at file:/Users/tciuser1/Documents/work/%E6%9C%AA%E5%91%BD%E5%90%8D%E6%96%87%E4%BB%B6%E5%A4%B9/alj-java-challenge-master/target/classes/ehcache.xml
	at org.springframework.beans.factory.support.SimpleInstantiationStrategy.instantiate(SimpleInstantiationStrategy.java:185) ~[spring-beans-5.1.6.RELEASE.jar:5.1.6.RELEASE]
	at org.springframework.beans.factory.support.ConstructorResolver.instantiate(ConstructorResolver.java:622) ~[spring-beans-5.1.6.RELEASE.jar:5.1.6.RELEASE]
	... 45 common frames omitted
Caused by: javax.cache.CacheException: org.ehcache.xml.exceptions.XmlConfigurationException: Error parsing XML configuration at file:/Users/tciuser1/Documents/work/%E6%9C%AA%E5%91%BD%E5%90%8D%E6%96%87%E4%BB%B6%E5%A4%B9/alj-java-challenge-master/target/classes/ehcache.xml
	at org.ehcache.jsr107.EhcacheCachingProvider$ConfigSupplier.getConfiguration(EhcacheCachingProvider.java:327) ~[ehcache-3.6.3.jar:3.6.3 03c2e612075c4e06bc994817543ab7512486b689]
	at org.ehcache.jsr107.EhcacheCachingProvider.getCacheManager(EhcacheCachingProvider.java:131) ~[ehcache-3.6.3.jar:3.6.3 03c2e612075c4e06bc994817543ab7512486b689]
	at org.ehcache.jsr107.EhcacheCachingProvider.getCacheManager(EhcacheCachingProvider.java:82) ~[ehcache-3.6.3.jar:3.6.3 03c2e612075c4e06bc994817543ab7512486b689]
	at org.ehcache.jsr107.EhcacheCachingProvider.getCacheManager(EhcacheCachingProvider.java:190) ~[ehcache-3.6.3.jar:3.6.3 03c2e612075c4e06bc994817543ab7512486b689]
	at jp.co.axa.apidemo.utils.CacheConfig.cacheManager(CacheConfig.java:21) ~[classes/:na]
	at jp.co.axa.apidemo.utils.CacheConfig$$EnhancerBySpringCGLIB$$48c3046a.CGLIB$cacheManager$0(<generated>) ~[classes/:na]
	at jp.co.axa.apidemo.utils.CacheConfig$$EnhancerBySpringCGLIB$$48c3046a$$FastClassBySpringCGLIB$$f86dc044.invoke(<generated>) ~[classes/:na]
	at org.springframework.cglib.proxy.MethodProxy.invokeSuper(MethodProxy.java:244) ~[spring-core-5.1.6.RELEASE.jar:5.1.6.RELEASE]
	at org.springframework.context.annotation.ConfigurationClassEnhancer$BeanMethodInterceptor.intercept(ConfigurationClassEnhancer.java:363) ~[spring-context-5.1.6.RELEASE.jar:5.1.6.RELEASE]
	at jp.co.axa.apidemo.utils.CacheConfig$$EnhancerBySpringCGLIB$$48c3046a.cacheManager(<generated>) ~[classes/:na]
	at java.base/jdk.internal.reflect.NativeMethodAccessorImpl.invoke0(Native Method) ~[na:na]
	at java.base/jdk.internal.reflect.NativeMethodAccessorImpl.invoke(NativeMethodAccessorImpl.java:62) ~[na:na]
	at java.base/jdk.internal.reflect.DelegatingMethodAccessorImpl.invoke(DelegatingMethodAccessorImpl.java:43) ~[na:na]
	at java.base/java.lang.reflect.Method.invoke(Method.java:564) ~[na:na]
	at org.springframework.beans.factory.support.SimpleInstantiationStrategy.instantiate(SimpleInstantiationStrategy.java:154) ~[spring-beans-5.1.6.RELEASE.jar:5.1.6.RELEASE]
	... 46 common frames omitted
Caused by: org.ehcache.xml.exceptions.XmlConfigurationException: Error parsing XML configuration at file:/Users/tciuser1/Documents/work/%E6%9C%AA%E5%91%BD%E5%90%8D%E6%96%87%E4%BB%B6%E5%A4%B9/alj-java-challenge-master/target/classes/ehcache.xml
	at org.ehcache.xml.XmlConfiguration.<init>(XmlConfiguration.java:128) ~[ehcache-3.6.3.jar:3.6.3 03c2e612075c4e06bc994817543ab7512486b689]
	at org.ehcache.xml.XmlConfiguration.<init>(XmlConfiguration.java:87) ~[ehcache-3.6.3.jar:3.6.3 03c2e612075c4e06bc994817543ab7512486b689]
	at org.ehcache.jsr107.EhcacheCachingProvider$ConfigSupplier.getConfiguration(EhcacheCachingProvider.java:324) ~[ehcache-3.6.3.jar:3.6.3 03c2e612075c4e06bc994817543ab7512486b689]
	... 60 common frames omitted
Caused by: javax.xml.bind.JAXBException: Implementation of JAXB-API has not been found on module path or classpath.
	at javax.xml.bind.ContextFinder.newInstance(ContextFinder.java:177) ~[jaxb-api-2.3.1.jar:2.3.0]
	at javax.xml.bind.ContextFinder.find(ContextFinder.java:364) ~[jaxb-api-2.3.1.jar:2.3.0]
	at javax.xml.bind.JAXBContext.newInstance(JAXBContext.java:508) ~[jaxb-api-2.3.1.jar:2.3.0]
	at javax.xml.bind.JAXBContext.newInstance(JAXBContext.java:465) ~[jaxb-api-2.3.1.jar:2.3.0]
	at org.ehcache.xml.ConfigurationParser.<init>(ConfigurationParser.java:100) ~[ehcache-3.6.3.jar:3.6.3 03c2e612075c4e06bc994817543ab7512486b689]
	at org.ehcache.xml.XmlConfiguration.<init>(XmlConfiguration.java:118) ~[ehcache-3.6.3.jar:3.6.3 03c2e612075c4e06bc994817543ab7512486b689]
	... 62 common frames omitted
Caused by: java.lang.ClassNotFoundException: com.sun.xml.internal.bind.v2.ContextFactory
	at java.base/jdk.internal.loader.BuiltinClassLoader.loadClass(BuiltinClassLoader.java:602) ~[na:na]
	at java.base/jdk.internal.loader.ClassLoaders$AppClassLoader.loadClass(ClassLoaders.java:178) ~[na:na]
	at java.base/java.lang.ClassLoader.loadClass(ClassLoader.java:522) ~[na:na]
	at javax.xml.bind.ServiceLoaderUtil.nullSafeLoadClass(ServiceLoaderUtil.java:122) ~[jaxb-api-2.3.1.jar:2.3.0]
	at javax.xml.bind.ServiceLoaderUtil.safeLoadClass(ServiceLoaderUtil.java:155) ~[jaxb-api-2.3.1.jar:2.3.0]
	at javax.xml.bind.ContextFinder.newInstance(ContextFinder.java:174) ~[jaxb-api-2.3.1.jar:2.3.0]
	... 67 common frames omitted

]]></system-out>
  </testcase>
</testsuite>